This is pdfTeX, Version 3.14159265-2.6-1.40.20 (TeX Live 2019/Debian) (preloaded format=pdflatex 2024.3.15)  9 MAY 2024 20:05
entering extended mode
 restricted \write18 enabled.
 %&-line parsing enabled.
**presentation.tex
(./presentation.tex
LaTeX2e <2020-02-02> patch level 2
L3 programming layer <2020-02-14>
(/usr/share/texlive/texmf-dist/tex/latex/beamer/beamer.cls
Document Class: beamer 2019/09/29 v3.57 A class for typesetting presentations
(/usr/share/texlive/texmf-dist/tex/latex/beamer/beamerbasemodes.sty
(/usr/share/texlive/texmf-dist/tex/latex/etoolbox/etoolbox.sty
Package: etoolbox 2019/09/21 v2.5h e-TeX tools for LaTeX (JAW)
\etb@tempcnta=\count167
)
\beamer@tempbox=\box45
\beamer@tempcount=\count168
\c@beamerpauses=\count169

(/usr/share/texlive/texmf-dist/tex/latex/beamer/beamerbasedecode.sty
\beamer@slideinframe=\count170
\beamer@minimum=\count171
\beamer@decode@box=\box46
)
\beamer@commentbox=\box47
\beamer@modecount=\count172
)
(/usr/share/texlive/texmf-dist/tex/generic/iftex/ifpdf.sty
Package: ifpdf 2019/10/25 v3.4 ifpdf legacy package. Use iftex instead.

(/usr/share/texlive/texmf-dist/tex/generic/iftex/iftex.sty
Package: iftex 2019/11/07 v1.0c TeX engine tests
))
\headdp=\dimen134
\footheight=\dimen135
\sidebarheight=\dimen136
\beamer@tempdim=\dimen137
\beamer@finalheight=\dimen138
\beamer@animht=\dimen139
\beamer@animdp=\dimen140
\beamer@animwd=\dimen141
\beamer@leftmargin=\dimen142
\beamer@rightmargin=\dimen143
\beamer@leftsidebar=\dimen144
\beamer@rightsidebar=\dimen145
\beamer@boxsize=\dimen146
\beamer@vboxoffset=\dimen147
\beamer@descdefault=\dimen148
\beamer@descriptionwidth=\dimen149
\beamer@lastskip=\skip47
\beamer@areabox=\box48
\beamer@animcurrent=\box49
\beamer@animshowbox=\box50
\beamer@sectionbox=\box51
\beamer@logobox=\box52
\beamer@linebox=\box53
\beamer@sectioncount=\count173
\beamer@subsubsectionmax=\count174
\beamer@subsectionmax=\count175
\beamer@sectionmax=\count176
\beamer@totalheads=\count177
\beamer@headcounter=\count178
\beamer@partstartpage=\count179
\beamer@sectionstartpage=\count180
\beamer@subsectionstartpage=\count181
\beamer@animationtempa=\count182
\beamer@animationtempb=\count183
\beamer@xpos=\count184
\beamer@ypos=\count185
\beamer@ypos@offset=\count186
\beamer@showpartnumber=\count187
\beamer@currentsubsection=\count188
\beamer@coveringdepth=\count189
\beamer@sectionadjust=\count190
\beamer@tocsectionnumber=\count191

(/usr/share/texlive/texmf-dist/tex/latex/beamer/beamerbaseoptions.sty
(/usr/share/texlive/texmf-dist/tex/latex/graphics/keyval.sty
Package: keyval 2014/10/28 v1.15 key=value parser (DPC)
\KV@toks@=\toks14
))
\beamer@paperwidth=\skip48
\beamer@paperheight=\skip49

(/usr/share/texlive/texmf-dist/tex/latex/geometry/geometry.sty
Package: geometry 2020/01/02 v5.9 Page Geometry

(/usr/share/texlive/texmf-dist/tex/generic/iftex/ifvtex.sty
Package: ifvtex 2019/10/25 v1.7 ifvtex legacy package. Use iftex instead.
)
\Gm@cnth=\count192
\Gm@cntv=\count193
\c@Gm@tempcnt=\count194
\Gm@bindingoffset=\dimen150
\Gm@wd@mp=\dimen151
\Gm@odd@mp=\dimen152
\Gm@even@mp=\dimen153
\Gm@layoutwidth=\dimen154
\Gm@layoutheight=\dimen155
\Gm@layouthoffset=\dimen156
\Gm@layoutvoffset=\dimen157
\Gm@dimlist=\toks15
)
(/usr/share/texlive/texmf-dist/tex/latex/base/size11.clo
File: size11.clo 2019/12/20 v1.4l Standard LaTeX file (size option)
)
(/usr/share/texlive/texmf-dist/tex/latex/pgf/basiclayer/pgfcore.sty
(/usr/share/texlive/texmf-dist/tex/latex/graphics/graphicx.sty
Package: graphicx 2019/11/30 v1.2a Enhanced LaTeX Graphics (DPC,SPQR)

(/usr/share/texlive/texmf-dist/tex/latex/graphics/graphics.sty
Package: graphics 2019/11/30 v1.4a Standard LaTeX Graphics (DPC,SPQR)

(/usr/share/texlive/texmf-dist/tex/latex/graphics/trig.sty
Package: trig 2016/01/03 v1.10 sin cos tan (DPC)
)
(/usr/share/texlive/texmf-dist/tex/latex/graphics-cfg/graphics.cfg
File: graphics.cfg 2016/06/04 v1.11 sample graphics configuration
)
Package graphics Info: Driver file: pdftex.def on input line 105.

(/usr/share/texlive/texmf-dist/tex/latex/graphics-def/pdftex.def
File: pdftex.def 2018/01/08 v1.0l Graphics/color driver for pdftex
))
\Gin@req@height=\dimen158
\Gin@req@width=\dimen159
)
(/usr/share/texlive/texmf-dist/tex/latex/pgf/systemlayer/pgfsys.sty
(/usr/share/texlive/texmf-dist/tex/latex/pgf/utilities/pgfrcs.sty
(/usr/share/texlive/texmf-dist/tex/generic/pgf/utilities/pgfutil-common.tex
\pgfutil@everybye=\toks16
\pgfutil@tempdima=\dimen160
\pgfutil@tempdimb=\dimen161

(/usr/share/texlive/texmf-dist/tex/generic/pgf/utilities/pgfutil-common-lists.t
ex)) (/usr/share/texlive/texmf-dist/tex/generic/pgf/utilities/pgfutil-latex.def
\pgfutil@abb=\box54
(/usr/share/texlive/texmf-dist/tex/latex/ms/everyshi.sty
Package: everyshi 2001/05/15 v3.00 EveryShipout Package (MS)
))
(/usr/share/texlive/texmf-dist/tex/generic/pgf/utilities/pgfrcs.code.tex
(/usr/share/texlive/texmf-dist/tex/generic/pgf/pgf.revision.tex)
Package: pgfrcs 2020/01/08 v3.1.5b (3.1.5b)
))
(/usr/share/texlive/texmf-dist/tex/generic/pgf/systemlayer/pgfsys.code.tex
Package: pgfsys 2020/01/08 v3.1.5b (3.1.5b)

(/usr/share/texlive/texmf-dist/tex/generic/pgf/utilities/pgfkeys.code.tex
\pgfkeys@pathtoks=\toks17
\pgfkeys@temptoks=\toks18

(/usr/share/texlive/texmf-dist/tex/generic/pgf/utilities/pgfkeysfiltered.code.t
ex
\pgfkeys@tmptoks=\toks19
))
\pgf@x=\dimen162
\pgf@y=\dimen163
\pgf@xa=\dimen164
\pgf@ya=\dimen165
\pgf@xb=\dimen166
\pgf@yb=\dimen167
\pgf@xc=\dimen168
\pgf@yc=\dimen169
\pgf@xd=\dimen170
\pgf@yd=\dimen171
\w@pgf@writea=\write3
\r@pgf@reada=\read2
\c@pgf@counta=\count195
\c@pgf@countb=\count196
\c@pgf@countc=\count197
\c@pgf@countd=\count198
\t@pgf@toka=\toks20
\t@pgf@tokb=\toks21
\t@pgf@tokc=\toks22
\pgf@sys@id@count=\count199
 (/usr/share/texlive/texmf-dist/tex/generic/pgf/systemlayer/pgf.cfg
File: pgf.cfg 2020/01/08 v3.1.5b (3.1.5b)
)
Driver file for pgf: pgfsys-pdftex.def

(/usr/share/texlive/texmf-dist/tex/generic/pgf/systemlayer/pgfsys-pdftex.def
File: pgfsys-pdftex.def 2020/01/08 v3.1.5b (3.1.5b)

(/usr/share/texlive/texmf-dist/tex/generic/pgf/systemlayer/pgfsys-common-pdf.de
f
File: pgfsys-common-pdf.def 2020/01/08 v3.1.5b (3.1.5b)
)))
(/usr/share/texlive/texmf-dist/tex/generic/pgf/systemlayer/pgfsyssoftpath.code.
tex
File: pgfsyssoftpath.code.tex 2020/01/08 v3.1.5b (3.1.5b)
\pgfsyssoftpath@smallbuffer@items=\count266
\pgfsyssoftpath@bigbuffer@items=\count267
)
(/usr/share/texlive/texmf-dist/tex/generic/pgf/systemlayer/pgfsysprotocol.code.
tex
File: pgfsysprotocol.code.tex 2020/01/08 v3.1.5b (3.1.5b)
)) (/usr/share/texlive/texmf-dist/tex/latex/xcolor/xcolor.sty
Package: xcolor 2016/05/11 v2.12 LaTeX color extensions (UK)

(/usr/share/texlive/texmf-dist/tex/latex/graphics-cfg/color.cfg
File: color.cfg 2016/01/02 v1.6 sample color configuration
)
Package xcolor Info: Driver file: pdftex.def on input line 225.
Package xcolor Info: Model `cmy' substituted by `cmy0' on input line 1348.
Package xcolor Info: Model `hsb' substituted by `rgb' on input line 1352.
Package xcolor Info: Model `RGB' extended on input line 1364.
Package xcolor Info: Model `HTML' substituted by `rgb' on input line 1366.
Package xcolor Info: Model `Hsb' substituted by `hsb' on input line 1367.
Package xcolor Info: Model `tHsb' substituted by `hsb' on input line 1368.
Package xcolor Info: Model `HSB' substituted by `hsb' on input line 1369.
Package xcolor Info: Model `Gray' substituted by `gray' on input line 1370.
Package xcolor Info: Model `wave' substituted by `hsb' on input line 1371.
)
(/usr/share/texlive/texmf-dist/tex/generic/pgf/basiclayer/pgfcore.code.tex
Package: pgfcore 2020/01/08 v3.1.5b (3.1.5b)

(/usr/share/texlive/texmf-dist/tex/generic/pgf/math/pgfmath.code.tex
(/usr/share/texlive/texmf-dist/tex/generic/pgf/math/pgfmathcalc.code.tex
(/usr/share/texlive/texmf-dist/tex/generic/pgf/math/pgfmathutil.code.tex)
(/usr/share/texlive/texmf-dist/tex/generic/pgf/math/pgfmathparser.code.tex
\pgfmath@dimen=\dimen172
\pgfmath@count=\count268
\pgfmath@box=\box55
\pgfmath@toks=\toks23
\pgfmath@stack@operand=\toks24
\pgfmath@stack@operation=\toks25
)
(/usr/share/texlive/texmf-dist/tex/generic/pgf/math/pgfmathfunctions.code.tex
(/usr/share/texlive/texmf-dist/tex/generic/pgf/math/pgfmathfunctions.basic.code
.tex)
(/usr/share/texlive/texmf-dist/tex/generic/pgf/math/pgfmathfunctions.trigonomet
ric.code.tex)
(/usr/share/texlive/texmf-dist/tex/generic/pgf/math/pgfmathfunctions.random.cod
e.tex)
(/usr/share/texlive/texmf-dist/tex/generic/pgf/math/pgfmathfunctions.comparison
.code.tex)
(/usr/share/texlive/texmf-dist/tex/generic/pgf/math/pgfmathfunctions.base.code.
tex)
(/usr/share/texlive/texmf-dist/tex/generic/pgf/math/pgfmathfunctions.round.code
.tex)
(/usr/share/texlive/texmf-dist/tex/generic/pgf/math/pgfmathfunctions.misc.code.
tex)
(/usr/share/texlive/texmf-dist/tex/generic/pgf/math/pgfmathfunctions.integerari
thmetics.code.tex)))
(/usr/share/texlive/texmf-dist/tex/generic/pgf/math/pgfmathfloat.code.tex
\c@pgfmathroundto@lastzeros=\count269
))
(/usr/share/texlive/texmf-dist/tex/generic/pgf/math/pgfint.code.tex)
(/usr/share/texlive/texmf-dist/tex/generic/pgf/basiclayer/pgfcorepoints.code.te
x
File: pgfcorepoints.code.tex 2020/01/08 v3.1.5b (3.1.5b)
\pgf@picminx=\dimen173
\pgf@picmaxx=\dimen174
\pgf@picminy=\dimen175
\pgf@picmaxy=\dimen176
\pgf@pathminx=\dimen177
\pgf@pathmaxx=\dimen178
\pgf@pathminy=\dimen179
\pgf@pathmaxy=\dimen180
\pgf@xx=\dimen181
\pgf@xy=\dimen182
\pgf@yx=\dimen183
\pgf@yy=\dimen184
\pgf@zx=\dimen185
\pgf@zy=\dimen186
)
(/usr/share/texlive/texmf-dist/tex/generic/pgf/basiclayer/pgfcorepathconstruct.
code.tex
File: pgfcorepathconstruct.code.tex 2020/01/08 v3.1.5b (3.1.5b)
\pgf@path@lastx=\dimen187
\pgf@path@lasty=\dimen188
)
(/usr/share/texlive/texmf-dist/tex/generic/pgf/basiclayer/pgfcorepathusage.code
.tex
File: pgfcorepathusage.code.tex 2020/01/08 v3.1.5b (3.1.5b)
\pgf@shorten@end@additional=\dimen189
\pgf@shorten@start@additional=\dimen190
)
(/usr/share/texlive/texmf-dist/tex/generic/pgf/basiclayer/pgfcorescopes.code.te
x
File: pgfcorescopes.code.tex 2020/01/08 v3.1.5b (3.1.5b)
\pgfpic=\box56
\pgf@hbox=\box57
\pgf@layerbox@main=\box58
\pgf@picture@serial@count=\count270
)
(/usr/share/texlive/texmf-dist/tex/generic/pgf/basiclayer/pgfcoregraphicstate.c
ode.tex
File: pgfcoregraphicstate.code.tex 2020/01/08 v3.1.5b (3.1.5b)
\pgflinewidth=\dimen191
)
(/usr/share/texlive/texmf-dist/tex/generic/pgf/basiclayer/pgfcoretransformation
s.code.tex
File: pgfcoretransformations.code.tex 2020/01/08 v3.1.5b (3.1.5b)
\pgf@pt@x=\dimen192
\pgf@pt@y=\dimen193
\pgf@pt@temp=\dimen194
)
(/usr/share/texlive/texmf-dist/tex/generic/pgf/basiclayer/pgfcorequick.code.tex
File: pgfcorequick.code.tex 2020/01/08 v3.1.5b (3.1.5b)
)
(/usr/share/texlive/texmf-dist/tex/generic/pgf/basiclayer/pgfcoreobjects.code.t
ex
File: pgfcoreobjects.code.tex 2020/01/08 v3.1.5b (3.1.5b)
)
(/usr/share/texlive/texmf-dist/tex/generic/pgf/basiclayer/pgfcorepathprocessing
.code.tex
File: pgfcorepathprocessing.code.tex 2020/01/08 v3.1.5b (3.1.5b)
)
(/usr/share/texlive/texmf-dist/tex/generic/pgf/basiclayer/pgfcorearrows.code.te
x
File: pgfcorearrows.code.tex 2020/01/08 v3.1.5b (3.1.5b)
\pgfarrowsep=\dimen195
)
(/usr/share/texlive/texmf-dist/tex/generic/pgf/basiclayer/pgfcoreshade.code.tex
File: pgfcoreshade.code.tex 2020/01/08 v3.1.5b (3.1.5b)
\pgf@max=\dimen196
\pgf@sys@shading@range@num=\count271
\pgf@shadingcount=\count272
)
(/usr/share/texlive/texmf-dist/tex/generic/pgf/basiclayer/pgfcoreimage.code.tex
File: pgfcoreimage.code.tex 2020/01/08 v3.1.5b (3.1.5b)

(/usr/share/texlive/texmf-dist/tex/generic/pgf/basiclayer/pgfcoreexternal.code.
tex
File: pgfcoreexternal.code.tex 2020/01/08 v3.1.5b (3.1.5b)
\pgfexternal@startupbox=\box59
))
(/usr/share/texlive/texmf-dist/tex/generic/pgf/basiclayer/pgfcorelayers.code.te
x
File: pgfcorelayers.code.tex 2020/01/08 v3.1.5b (3.1.5b)
)
(/usr/share/texlive/texmf-dist/tex/generic/pgf/basiclayer/pgfcoretransparency.c
ode.tex
File: pgfcoretransparency.code.tex 2020/01/08 v3.1.5b (3.1.5b)
)
(/usr/share/texlive/texmf-dist/tex/generic/pgf/basiclayer/pgfcorepatterns.code.
tex
File: pgfcorepatterns.code.tex 2020/01/08 v3.1.5b (3.1.5b)
)
(/usr/share/texlive/texmf-dist/tex/generic/pgf/basiclayer/pgfcorerdf.code.tex
File: pgfcorerdf.code.tex 2020/01/08 v3.1.5b (3.1.5b)
))) (/usr/share/texlive/texmf-dist/tex/latex/pgf/utilities/xxcolor.sty
Package: xxcolor 2003/10/24 ver 0.1
\XC@nummixins=\count273
\XC@countmixins=\count274
)
(/usr/share/texlive/texmf-dist/tex/generic/atbegshi/atbegshi.sty
Package: atbegshi 2019/12/05 v1.19 At begin shipout hook (HO)

(/usr/share/texlive/texmf-dist/tex/generic/infwarerr/infwarerr.sty
Package: infwarerr 2019/12/03 v1.5 Providing info/warning/error messages (HO)
)
(/usr/share/texlive/texmf-dist/tex/generic/ltxcmds/ltxcmds.sty
Package: ltxcmds 2019/12/15 v1.24 LaTeX kernel commands for general use (HO)
))
(/usr/share/texlive/texmf-dist/tex/latex/hyperref/hyperref.sty
Package: hyperref 2020/01/14 v7.00d Hypertext links for LaTeX

(/usr/share/texlive/texmf-dist/tex/latex/pdftexcmds/pdftexcmds.sty
Package: pdftexcmds 2019/11/24 v0.31 Utility functions of pdfTeX for LuaTeX (HO
)
Package pdftexcmds Info: \pdf@primitive is available.
Package pdftexcmds Info: \pdf@ifprimitive is available.
Package pdftexcmds Info: \pdfdraftmode found.
)
(/usr/share/texlive/texmf-dist/tex/generic/kvsetkeys/kvsetkeys.sty
Package: kvsetkeys 2019/12/15 v1.18 Key value parser (HO)
)
(/usr/share/texlive/texmf-dist/tex/generic/kvdefinekeys/kvdefinekeys.sty
Package: kvdefinekeys 2019-12-19 v1.6 Define keys (HO)
)
(/usr/share/texlive/texmf-dist/tex/generic/pdfescape/pdfescape.sty
Package: pdfescape 2019/12/09 v1.15 Implements pdfTeX's escape features (HO)
)
(/usr/share/texlive/texmf-dist/tex/latex/hycolor/hycolor.sty
Package: hycolor 2020-01-27 v1.10 Color options for hyperref/bookmark (HO)
)
(/usr/share/texlive/texmf-dist/tex/latex/letltxmacro/letltxmacro.sty
Package: letltxmacro 2019/12/03 v1.6 Let assignment for LaTeX macros (HO)
)
(/usr/share/texlive/texmf-dist/tex/latex/auxhook/auxhook.sty
Package: auxhook 2019-12-17 v1.6 Hooks for auxiliary files (HO)
)
(/usr/share/texlive/texmf-dist/tex/latex/kvoptions/kvoptions.sty
Package: kvoptions 2019/11/29 v3.13 Key value format for package options (HO)
)
\@linkdim=\dimen197
\Hy@linkcounter=\count275
\Hy@pagecounter=\count276

(/usr/share/texlive/texmf-dist/tex/latex/hyperref/pd1enc.def
File: pd1enc.def 2020/01/14 v7.00d Hyperref: PDFDocEncoding definition (HO)
Now handling font encoding PD1 ...
... no UTF-8 mapping file for font encoding PD1
)
(/usr/share/texlive/texmf-dist/tex/generic/intcalc/intcalc.sty
Package: intcalc 2019/12/15 v1.3 Expandable calculations with integers (HO)
)
(/usr/share/texlive/texmf-dist/tex/generic/etexcmds/etexcmds.sty
Package: etexcmds 2019/12/15 v1.7 Avoid name clashes with e-TeX commands (HO)
)
\Hy@SavedSpaceFactor=\count277
\pdfmajorversion=\count278
Package hyperref Info: Option `bookmarks' set `true' on input line 4421.
Package hyperref Info: Option `bookmarksopen' set `true' on input line 4421.
Package hyperref Info: Option `implicit' set `false' on input line 4421.
Package hyperref Info: Hyper figures OFF on input line 4547.
Package hyperref Info: Link nesting OFF on input line 4552.
Package hyperref Info: Hyper index ON on input line 4555.
Package hyperref Info: Plain pages OFF on input line 4562.
Package hyperref Info: Backreferencing OFF on input line 4567.
Package hyperref Info: Implicit mode OFF; no redefinition of LaTeX internals.
Package hyperref Info: Bookmarks ON on input line 4800.
\c@Hy@tempcnt=\count279

(/usr/share/texlive/texmf-dist/tex/latex/url/url.sty
\Urlmuskip=\muskip16
Package: url 2013/09/16  ver 3.4  Verb mode for urls, etc.
)
LaTeX Info: Redefining \url on input line 5159.
\XeTeXLinkMargin=\dimen198

(/usr/share/texlive/texmf-dist/tex/generic/bitset/bitset.sty
Package: bitset 2019/12/09 v1.3 Handle bit-vector datatype (HO)

(/usr/share/texlive/texmf-dist/tex/generic/bigintcalc/bigintcalc.sty
Package: bigintcalc 2019/12/15 v1.5 Expandable calculations on big integers (HO
)
))
\Fld@menulength=\count280
\Field@Width=\dimen199
\Fld@charsize=\dimen256
Package hyperref Info: Hyper figures OFF on input line 6430.
Package hyperref Info: Link nesting OFF on input line 6435.
Package hyperref Info: Hyper index ON on input line 6438.
Package hyperref Info: backreferencing OFF on input line 6445.
Package hyperref Info: Link coloring OFF on input line 6450.
Package hyperref Info: Link coloring with OCG OFF on input line 6455.
Package hyperref Info: PDF/A mode OFF on input line 6460.
LaTeX Info: Redefining \ref on input line 6500.
LaTeX Info: Redefining \pageref on input line 6504.
\Hy@abspage=\count281


Package hyperref Message: Stopped early.

)
Package hyperref Info: Driver (autodetected): hpdftex.
 (/usr/share/texlive/texmf-dist/tex/latex/hyperref/hpdftex.def
File: hpdftex.def 2020/01/14 v7.00d Hyperref driver for pdfTeX

(/usr/share/texlive/texmf-dist/tex/latex/atveryend/atveryend.sty
Package: atveryend 2019-12-11 v1.11 Hooks at the very end of document (HO)
)
\Fld@listcount=\count282
\c@bookmark@seq@number=\count283

(/usr/share/texlive/texmf-dist/tex/latex/rerunfilecheck/rerunfilecheck.sty
Package: rerunfilecheck 2019/12/05 v1.9 Rerun checks for auxiliary files (HO)

(/usr/share/texlive/texmf-dist/tex/generic/uniquecounter/uniquecounter.sty
Package: uniquecounter 2019/12/15 v1.4 Provide unlimited unique counter (HO)
)
Package uniquecounter Info: New unique counter `rerunfilecheck' on input line 2
86.
))
(/usr/share/texlive/texmf-dist/tex/latex/beamer/beamerbaserequires.sty
(/usr/share/texlive/texmf-dist/tex/latex/beamer/beamerbasecompatibility.sty)
(/usr/share/texlive/texmf-dist/tex/latex/beamer/beamerbasefont.sty
(/usr/share/texlive/texmf-dist/tex/latex/amsfonts/amssymb.sty
Package: amssymb 2013/01/14 v3.01 AMS font symbols

(/usr/share/texlive/texmf-dist/tex/latex/amsfonts/amsfonts.sty
Package: amsfonts 2013/01/14 v3.01 Basic AMSFonts support
\@emptytoks=\toks26
\symAMSa=\mathgroup4
\symAMSb=\mathgroup5
LaTeX Font Info:    Redeclaring math symbol \hbar on input line 98.
LaTeX Font Info:    Overwriting math alphabet `\mathfrak' in version `bold'
(Font)                  U/euf/m/n --> U/euf/b/n on input line 106.
))
(/usr/share/texlive/texmf-dist/tex/latex/sansmathaccent/sansmathaccent.sty
Package: sansmathaccent 2020/01/31

(/usr/share/texlive/texmf-dist/tex/latex/koma-script/scrlfile.sty
Package: scrlfile 2020/01/24 v3.29 KOMA-Script package (loading files)
)))
(/usr/share/texlive/texmf-dist/tex/latex/beamer/beamerbasetranslator.sty
(/usr/share/texlive/texmf-dist/tex/latex/translator/translator.sty
Package: translator 2019-05-31 v1.12a Easy translation of strings in LaTeX
))
(/usr/share/texlive/texmf-dist/tex/latex/beamer/beamerbasemisc.sty)
(/usr/share/texlive/texmf-dist/tex/latex/beamer/beamerbasetwoscreens.sty)
(/usr/share/texlive/texmf-dist/tex/latex/beamer/beamerbaseoverlay.sty
\beamer@argscount=\count284
\beamer@lastskipcover=\skip50
\beamer@trivlistdepth=\count285
)
(/usr/share/texlive/texmf-dist/tex/latex/beamer/beamerbasetitle.sty)
(/usr/share/texlive/texmf-dist/tex/latex/beamer/beamerbasesection.sty
\c@lecture=\count286
\c@part=\count287
\c@section=\count288
\c@subsection=\count289
\c@subsubsection=\count290
)
(/usr/share/texlive/texmf-dist/tex/latex/beamer/beamerbaseframe.sty
\beamer@framebox=\box60
\beamer@frametitlebox=\box61
\beamer@zoombox=\box62
\beamer@zoomcount=\count291
\beamer@zoomframecount=\count292
\beamer@frametextheight=\dimen257
\c@subsectionslide=\count293
\beamer@frametopskip=\skip51
\beamer@framebottomskip=\skip52
\beamer@frametopskipautobreak=\skip53
\beamer@framebottomskipautobreak=\skip54
\beamer@envbody=\toks27
\framewidth=\dimen258
\c@framenumber=\count294
)
(/usr/share/texlive/texmf-dist/tex/latex/beamer/beamerbaseverbatim.sty
\beamer@verbatimfileout=\write4
)
(/usr/share/texlive/texmf-dist/tex/latex/beamer/beamerbaseframesize.sty
\beamer@splitbox=\box63
\beamer@autobreakcount=\count295
\beamer@autobreaklastheight=\dimen259
\beamer@frametitletoks=\toks28
\beamer@framesubtitletoks=\toks29
)
(/usr/share/texlive/texmf-dist/tex/latex/beamer/beamerbaseframecomponents.sty
\beamer@footins=\box64
)
(/usr/share/texlive/texmf-dist/tex/latex/beamer/beamerbasecolor.sty)
(/usr/share/texlive/texmf-dist/tex/latex/beamer/beamerbasenotes.sty
\beamer@frameboxcopy=\box65
)
(/usr/share/texlive/texmf-dist/tex/latex/beamer/beamerbasetoc.sty)
(/usr/share/texlive/texmf-dist/tex/latex/beamer/beamerbasetemplates.sty
\beamer@sbttoks=\toks30

(/usr/share/texlive/texmf-dist/tex/latex/beamer/beamerbaseauxtemplates.sty
(/usr/share/texlive/texmf-dist/tex/latex/beamer/beamerbaseboxes.sty
\bmb@box=\box66
\bmb@colorbox=\box67
\bmb@boxshadow=\box68
\bmb@boxshadowball=\box69
\bmb@boxshadowballlarge=\box70
\bmb@temp=\dimen260
\bmb@dima=\dimen261
\bmb@dimb=\dimen262
\bmb@prevheight=\dimen263
)
\beamer@blockheadheight=\dimen264
))
(/usr/share/texlive/texmf-dist/tex/latex/beamer/beamerbaselocalstructure.sty
(/usr/share/texlive/texmf-dist/tex/latex/tools/enumerate.sty
Package: enumerate 2015/07/23 v3.00 enumerate extensions (DPC)
\@enLab=\toks31
)
\c@figure=\count296
\c@table=\count297
\abovecaptionskip=\skip55
\belowcaptionskip=\skip56
)
(/usr/share/texlive/texmf-dist/tex/latex/beamer/beamerbasenavigation.sty
\beamer@section@min@dim=\dimen265
)
(/usr/share/texlive/texmf-dist/tex/latex/beamer/beamerbasetheorems.sty
(/usr/share/texlive/texmf-dist/tex/latex/amsmath/amsmath.sty
Package: amsmath 2020/01/20 v2.17e AMS math features
\@mathmargin=\skip57

For additional information on amsmath, use the `?' option.
(/usr/share/texlive/texmf-dist/tex/latex/amsmath/amstext.sty
Package: amstext 2000/06/29 v2.01 AMS text

(/usr/share/texlive/texmf-dist/tex/latex/amsmath/amsgen.sty
File: amsgen.sty 1999/11/30 v2.0 generic functions
\@emptytoks=\toks32
\ex@=\dimen266
))
(/usr/share/texlive/texmf-dist/tex/latex/amsmath/amsbsy.sty
Package: amsbsy 1999/11/29 v1.2d Bold Symbols
\pmbraise@=\dimen267
)
(/usr/share/texlive/texmf-dist/tex/latex/amsmath/amsopn.sty
Package: amsopn 2016/03/08 v2.02 operator names
)
\inf@bad=\count298
LaTeX Info: Redefining \frac on input line 227.
\uproot@=\count299
\leftroot@=\count300
LaTeX Info: Redefining \overline on input line 389.
\classnum@=\count301
\DOTSCASE@=\count302
LaTeX Info: Redefining \ldots on input line 486.
LaTeX Info: Redefining \dots on input line 489.
LaTeX Info: Redefining \cdots on input line 610.
\Mathstrutbox@=\box71
\strutbox@=\box72
\big@size=\dimen268
LaTeX Font Info:    Redeclaring font encoding OML on input line 733.
LaTeX Font Info:    Redeclaring font encoding OMS on input line 734.
\macc@depth=\count303
\c@MaxMatrixCols=\count304
\dotsspace@=\muskip17
\c@parentequation=\count305
\dspbrk@lvl=\count306
\tag@help=\toks33
\row@=\count307
\column@=\count308
\maxfields@=\count309
\andhelp@=\toks34
\eqnshift@=\dimen269
\alignsep@=\dimen270
\tagshift@=\dimen271
\tagwidth@=\dimen272
\totwidth@=\dimen273
\lineht@=\dimen274
\@envbody=\toks35
\multlinegap=\skip58
\multlinetaggap=\skip59
\mathdisplay@stack=\toks36
LaTeX Info: Redefining \[ on input line 2859.
LaTeX Info: Redefining \] on input line 2860.
)
(/usr/share/texlive/texmf-dist/tex/latex/amscls/amsthm.sty
Package: amsthm 2017/10/31 v2.20.4
\thm@style=\toks37
\thm@bodyfont=\toks38
\thm@headfont=\toks39
\thm@notefont=\toks40
\thm@headpunct=\toks41
\thm@preskip=\skip60
\thm@postskip=\skip61
\thm@headsep=\skip62
\dth@everypar=\toks42
)
\c@theorem=\count310
)
(/usr/share/texlive/texmf-dist/tex/latex/beamer/beamerbasethemes.sty))
(/usr/share/texlive/texmf-dist/tex/latex/beamer/beamerthemedefault.sty
(/usr/share/texlive/texmf-dist/tex/latex/beamer/beamerfontthemedefault.sty)
(/usr/share/texlive/texmf-dist/tex/latex/beamer/beamercolorthemedefault.sty)
(/usr/share/texlive/texmf-dist/tex/latex/beamer/beamerinnerthemedefault.sty
\beamer@dima=\dimen275
\beamer@dimb=\dimen276
)
(/usr/share/texlive/texmf-dist/tex/latex/beamer/beamerouterthemedefault.sty)))
(/usr/share/texlive/texmf-dist/tex/latex/algorithm2e/algorithm2e.sty
Package: algorithm2e 2017/07/18 v5.2 algorithms environments
\c@AlgoLine=\count311

(/usr/share/texlive/texmf-dist/tex/latex/base/ifthen.sty
Package: ifthen 2014/09/29 v1.1c Standard LaTeX ifthen package (DPC)
)
\algocf@hangindent=\skip63

(/usr/share/texlive/texmf-dist/tex/latex/ifoddpage/ifoddpage.sty
Package: ifoddpage 2016/04/23 v1.1 Conditionals for odd/even page detection
\c@checkoddpage=\count312
)
(/usr/share/texlive/texmf-dist/tex/latex/tools/xspace.sty
Package: xspace 2014/10/28 v1.13 Space after command names (DPC,MH)
)
(/usr/share/texlive/texmf-dist/tex/latex/relsize/relsize.sty
Package: relsize 2013/03/29 ver 4.1
)
\skiptotal=\skip64
\skiplinenumber=\skip65
\skiprule=\skip66
\skiphlne=\skip67
\skiptext=\skip68
\skiplength=\skip69
\algomargin=\skip70
\skipalgocfslide=\skip71
\algowidth=\dimen277
\inoutsize=\dimen278
\inoutindent=\dimen279
\interspacetitleruled=\dimen280
\interspacealgoruled=\dimen281
\interspacetitleboxruled=\dimen282
\algocf@ruledwidth=\skip72
\algocf@inoutbox=\box73
\algocf@inputbox=\box74
\AlCapSkip=\skip73
\AlCapHSkip=\skip74
\algoskipindent=\skip75
\algocf@nlbox=\box75
\algocf@hangingbox=\box76
\algocf@untilbox=\box77
\algocf@skipuntil=\skip76
\algocf@capbox=\box78
\algocf@lcaptionbox=\skip77
\algoheightruledefault=\skip78
\algoheightrule=\skip79
\algotitleheightruledefault=\skip80
\algotitleheightrule=\skip81
\c@algocfline=\count313
\c@algocfproc=\count314
\c@algocf=\count315
\algocf@algoframe=\box79
\algocf@algobox=\box80
)
(/usr/share/texlive/texmf-dist/tex/latex/booktabs/booktabs.sty
Package: booktabs 2020/01/12 v1.61803398 Publication quality tables
\heavyrulewidth=\dimen283
\lightrulewidth=\dimen284
\cmidrulewidth=\dimen285
\belowrulesep=\dimen286
\belowbottomsep=\dimen287
\aboverulesep=\dimen288
\abovetopsep=\dimen289
\cmidrulesep=\dimen290
\cmidrulekern=\dimen291
\defaultaddspace=\dimen292
\@cmidla=\count316
\@cmidlb=\count317
\@aboverulesep=\dimen293
\@belowrulesep=\dimen294
\@thisruleclass=\count318
\@lastruleclass=\count319
\@thisrulewidth=\dimen295
)
(/usr/share/texlive/texmf-dist/tex/latex/threeparttable/threeparttable.sty
Package: threeparttable 2003/06/13  v 3.0
\@tempboxb=\box81
)
(/usr/share/texlive/texmf-dist/tex/latex/multirow/multirow.sty
Package: multirow 2019/05/31 v2.5 Span multiple rows of a table
\multirow@colwidth=\skip82
\multirow@cntb=\count320
\multirow@dima=\skip83
\bigstrutjot=\dimen296
)
(/usr/share/texlive/texmf-dist/tex/latex/glossaries/base/glossaries.sty
Package: glossaries 2020/02/13 v4.45 (NLCT)

(/usr/share/texlive/texmf-dist/tex/latex/xkeyval/xkeyval.sty
Package: xkeyval 2014/12/03 v2.7a package option processing (HA)

(/usr/share/texlive/texmf-dist/tex/generic/xkeyval/xkeyval.tex
(/usr/share/texlive/texmf-dist/tex/generic/xkeyval/xkvutils.tex
\XKV@toks=\toks43
\XKV@tempa@toks=\toks44
)
\XKV@depth=\count321
File: xkeyval.tex 2014/12/03 v2.7a key=value parser (HA)
))
(/usr/share/texlive/texmf-dist/tex/latex/mfirstuc/mfirstuc.sty
Package: mfirstuc 2017/11/14 v2.06 (NLCT)
\@glsmfirst=\toks45
\@glsmrest=\toks46
)
(/usr/share/texlive/texmf-dist/tex/latex/textcase/textcase.sty
Package: textcase 2019/09/14 v1.00 Text only upper/lower case changing (DPC)
)
(/usr/share/texlive/texmf-dist/tex/latex/xfor/xfor.sty
Package: xfor 2009/02/05 v1.05 (NLCT)
)
(/usr/share/texlive/texmf-dist/tex/latex/datatool/datatool-base.sty
Package: datatool-base 2019/09/27 v2.32 (NLCT)

(/usr/share/texlive/texmf-dist/tex/latex/substr/substr.sty
Package: substr 2009/10/20 v1.2 Handle substrings
\c@su@anzahl=\count322
)
(/usr/share/texlive/texmf-dist/tex/latex/datatool/datatool-fp.sty
Package: datatool-fp 2019/09/27 v2.32 (NLCT)

(/usr/share/texlive/texmf-dist/tex/latex/fp/fp.sty
Package: fp 1995/04/02

`Fixed Point Package', Version 0.8, April 2, 1995 (C) Michael Mehlich
(/usr/share/texlive/texmf-dist/tex/latex/fp/defpattern.sty
Package: defpattern 1994/10/12
\actioncount=\count323
)
(/usr/share/texlive/texmf-dist/tex/latex/fp/fp-basic.sty
Package: fp-basic 1996/05/13
\FP@xs=\count324
\FP@xia=\count325
\FP@xib=\count326
\FP@xfa=\count327
\FP@xfb=\count328
\FP@rega=\count329
\FP@regb=\count330
\FP@regs=\count331
\FP@times=\count332
)
(/usr/share/texlive/texmf-dist/tex/latex/fp/fp-addons.sty
Package: fp-addons 1995/03/15
)
(/usr/share/texlive/texmf-dist/tex/latex/fp/fp-snap.sty
Package: fp-snap 1995/04/05
)
(/usr/share/texlive/texmf-dist/tex/latex/fp/fp-exp.sty
Package: fp-exp 1995/04/03
)
(/usr/share/texlive/texmf-dist/tex/latex/fp/fp-trigo.sty
Package: fp-trigo 1995/04/14
)
(/usr/share/texlive/texmf-dist/tex/latex/fp/fp-pas.sty
Package: fp-pas 1994/08/29
)
(/usr/share/texlive/texmf-dist/tex/latex/fp/fp-random.sty
Package: fp-random 1995/02/23
\FPseed=\count333
)
(/usr/share/texlive/texmf-dist/tex/latex/fp/fp-eqn.sty
Package: fp-eqn 1995/04/03
)
(/usr/share/texlive/texmf-dist/tex/latex/fp/fp-upn.sty
Package: fp-upn 1996/10/21
)
(/usr/share/texlive/texmf-dist/tex/latex/fp/fp-eval.sty
Package: fp-eval 1995/04/03
)))
\@dtl@toks=\toks47
\@dtl@tmpcount=\count334
\dtl@tmplength=\skip84
\dtl@sortresult=\count335
\@dtl@numgrpsepcount=\count336
\@dtl@datatype=\count337
\dtl@codeA=\count338
\dtl@codeB=\count339
\@dtl@foreach@level=\count340
)
(/usr/share/texlive/texmf-dist/tex/latex/glossaries/base/glossaries-compatible-
307.sty
Package: glossaries-compatible-307 2020/02/13 v4.45 (NLCT)
) (/usr/share/texlive/texmf-dist/tex/latex/tracklang/tracklang.sty
Package: tracklang 2019/11/30 v1.4 (NLCT) Track Languages

(/usr/share/texlive/texmf-dist/tex/generic/tracklang/tracklang.tex))
(/usr/share/texlive/texmf-dist/tex/latex/glossaries-english/glossaries-english.
ldf
File: glossaries-english.ldf 2014/11/23 v1.0
)
\gls@level=\count341
\@gls@tmpb=\toks48
\gls@tmplen=\skip85
\glskeylisttok=\toks49
\glslabeltok=\toks50
\glsshorttok=\toks51
\glslongtok=\toks52

(/usr/share/texlive/texmf-dist/tex/latex/glossaries/styles/glossary-hypernav.st
y
Package: glossary-hypernav 2020/02/13 v4.45 (NLCT)
) (/usr/share/texlive/texmf-dist/tex/latex/glossaries/styles/glossary-list.sty
Package: glossary-list 2020/02/13 v4.45 (NLCT)
\glslistdottedwidth=\skip86
) (/usr/share/texlive/texmf-dist/tex/latex/glossaries/styles/glossary-long.sty
Package: glossary-long 2020/02/13 v4.45 (NLCT)

(/usr/share/texlive/texmf-dist/tex/latex/tools/longtable.sty
Package: longtable 2020/01/07 v4.13 Multi-page Table package (DPC)
\LTleft=\skip87
\LTright=\skip88
\LTpre=\skip89
\LTpost=\skip90
\LTchunksize=\count342
\LTcapwidth=\dimen297
\LT@head=\box82
\LT@firsthead=\box83
\LT@foot=\box84
\LT@lastfoot=\box85
\LT@cols=\count343
\LT@rows=\count344
\c@LT@tables=\count345
\c@LT@chunks=\count346
\LT@p@ftn=\toks53
)
\glsdescwidth=\skip91
\glspagelistwidth=\skip92
)
(/usr/share/texlive/texmf-dist/tex/latex/glossaries/styles/glossary-super.sty
Package: glossary-super 2020/02/13 v4.45 (NLCT)

(/usr/share/texlive/texmf-dist/tex/latex/supertabular/supertabular.sty
Package: supertabular 2020/02/02 v4.1g the supertabular environment
\c@tracingst=\count347
\ST@wd=\dimen298
\ST@rightskip=\skip93
\ST@leftskip=\skip94
\ST@parfillskip=\skip95
\ST@pageleft=\dimen299
\ST@headht=\dimen300
\ST@tailht=\dimen301
\ST@pagesofar=\dimen302
\ST@pboxht=\dimen303
\ST@lineht=\dimen304
\ST@prevht=\dimen305
\ST@toadd=\dimen306
\ST@dimen=\dimen307
\ST@pbox=\box86
))
(/usr/share/texlive/texmf-dist/tex/latex/glossaries/styles/glossary-tree.sty
Package: glossary-tree 2020/02/13 v4.45 (NLCT)
\glstreeindent=\skip96
))
(/usr/share/texlive/texmf-dist/tex/latex/beamer/beamerthemeCambridgeUS.sty
(/usr/share/texlive/texmf-dist/tex/latex/beamer/beamerinnerthemerounded.sty)
(/usr/share/texlive/texmf-dist/tex/latex/beamer/beamerouterthemeinfolines.sty)
(/usr/share/texlive/texmf-dist/tex/latex/beamer/beamercolorthemebeaver.sty))
(/usr/share/texlive/texmf-dist/tex/latex/beamer/beamercolorthemedolphin.sty)
(/usr/share/texlive/texmf-dist/tex/latex/l3backend/l3backend-pdfmode.def
File: l3backend-pdfmode.def 2020-02-03 L3 backend support: PDF mode
\l__kernel_color_stack_int=\count348
\l__pdf_internal_box=\box87
)
(./presentation.aux)
\openout1 = `presentation.aux'.

LaTeX Font Info:    Checking defaults for OML/cmm/m/it on input line 26.
LaTeX Font Info:    ... okay on input line 26.
LaTeX Font Info:    Checking defaults for OMS/cmsy/m/n on input line 26.
LaTeX Font Info:    ... okay on input line 26.
LaTeX Font Info:    Checking defaults for OT1/cmr/m/n on input line 26.
LaTeX Font Info:    ... okay on input line 26.
LaTeX Font Info:    Checking defaults for T1/cmr/m/n on input line 26.
LaTeX Font Info:    ... okay on input line 26.
LaTeX Font Info:    Checking defaults for TS1/cmr/m/n on input line 26.
LaTeX Font Info:    ... okay on input line 26.
LaTeX Font Info:    Checking defaults for OMX/cmex/m/n on input line 26.
LaTeX Font Info:    ... okay on input line 26.
LaTeX Font Info:    Checking defaults for U/cmr/m/n on input line 26.
LaTeX Font Info:    ... okay on input line 26.
LaTeX Font Info:    Checking defaults for PD1/pdf/m/n on input line 26.
LaTeX Font Info:    ... okay on input line 26.

*geometry* driver: auto-detecting
*geometry* detected driver: pdftex
*geometry* verbose mode - [ preamble ] result:
* driver: pdftex
* paper: custom
* layout: <same size as paper>
* layoutoffset:(h,v)=(0.0pt,0.0pt)
* modes: includehead includefoot 
* h-part:(L,W,R)=(10.95003pt, 342.2953pt, 10.95003pt)
* v-part:(T,H,B)=(0.0pt, 273.14662pt, 0.0pt)
* \paperwidth=364.19536pt
* \paperheight=273.14662pt
* \textwidth=342.2953pt
* \textheight=244.6939pt
* \oddsidemargin=-61.31996pt
* \evensidemargin=-61.31996pt
* \topmargin=-72.26999pt
* \headheight=14.22636pt
* \headsep=0.0pt
* \topskip=11.0pt
* \footskip=14.22636pt
* \marginparwidth=4.0pt
* \marginparsep=10.0pt
* \columnsep=10.0pt
* \skip\footins=10.0pt plus 4.0pt minus 2.0pt
* \hoffset=0.0pt
* \voffset=0.0pt
* \mag=1000
* \@twocolumnfalse
* \@twosidefalse
* \@mparswitchfalse
* \@reversemarginfalse
* (1in=72.27pt=25.4mm, 1cm=28.453pt)

(/usr/share/texlive/texmf-dist/tex/context/base/mkii/supp-pdf.mkii
[Loading MPS to PDF converter (version 2006.09.02).]
\scratchcounter=\count349
\scratchdimen=\dimen308
\scratchbox=\box88
\nofMPsegments=\count350
\nofMParguments=\count351
\everyMPshowfont=\toks54
\MPscratchCnt=\count352
\MPscratchDim=\dimen309
\MPnumerator=\count353
\makeMPintoPDFobject=\count354
\everyMPtoPDFconversion=\toks55
) (/usr/share/texlive/texmf-dist/tex/latex/epstopdf-pkg/epstopdf-base.sty
Package: epstopdf-base 2020-01-24 v2.11 Base part for package epstopdf
Package epstopdf-base Info: Redefining graphics rule for `.eps' on input line 4
85.

(/usr/share/texlive/texmf-dist/tex/latex/latexconfig/epstopdf-sys.cfg
File: epstopdf-sys.cfg 2010/07/13 v1.3 Configuration of (r)epstopdf for TeX Liv
e
))
ABD: EveryShipout initializing macros
\AtBeginShipoutBox=\box89
Package hyperref Info: Link coloring OFF on input line 26.

(/usr/share/texlive/texmf-dist/tex/latex/hyperref/nameref.sty
Package: nameref 2019/09/16 v2.46 Cross-referencing by name of section

(/usr/share/texlive/texmf-dist/tex/latex/refcount/refcount.sty
Package: refcount 2019/12/15 v3.6 Data extraction from label references (HO)
)
(/usr/share/texlive/texmf-dist/tex/generic/gettitlestring/gettitlestring.sty
Package: gettitlestring 2019/12/15 v1.6 Cleanup title references (HO)
)
\c@section@level=\count355
)
LaTeX Info: Redefining \ref on input line 26.
LaTeX Info: Redefining \pageref on input line 26.
LaTeX Info: Redefining \nameref on input line 26.

(./presentation.out) (./presentation.out)
\@outlinefile=\write5
\openout5 = `presentation.out'.

LaTeX Font Info:    Overwriting symbol font `operators' in version `normal'
(Font)                  OT1/cmr/m/n --> OT1/cmss/m/n on input line 26.
LaTeX Font Info:    Overwriting symbol font `operators' in version `bold'
(Font)                  OT1/cmr/bx/n --> OT1/cmss/b/n on input line 26.
\symnumbers=\mathgroup6
\sympureletters=\mathgroup7
LaTeX Font Info:    Overwriting math alphabet `\mathrm' in version `normal'
(Font)                  OT1/cmss/m/n --> OT1/cmr/m/n on input line 26.
LaTeX Font Info:    Redeclaring math alphabet \mathbf on input line 26.
LaTeX Font Info:    Overwriting math alphabet `\mathbf' in version `normal'
(Font)                  OT1/cmr/bx/n --> OT1/cmss/b/n on input line 26.
LaTeX Font Info:    Overwriting math alphabet `\mathbf' in version `bold'
(Font)                  OT1/cmr/bx/n --> OT1/cmss/b/n on input line 26.
LaTeX Font Info:    Redeclaring math alphabet \mathsf on input line 26.
LaTeX Font Info:    Overwriting math alphabet `\mathsf' in version `normal'
(Font)                  OT1/cmss/m/n --> OT1/cmss/m/n on input line 26.
LaTeX Font Info:    Overwriting math alphabet `\mathsf' in version `bold'
(Font)                  OT1/cmss/bx/n --> OT1/cmss/m/n on input line 26.
LaTeX Font Info:    Redeclaring math alphabet \mathit on input line 26.
LaTeX Font Info:    Overwriting math alphabet `\mathit' in version `normal'
(Font)                  OT1/cmr/m/it --> OT1/cmss/m/it on input line 26.
LaTeX Font Info:    Overwriting math alphabet `\mathit' in version `bold'
(Font)                  OT1/cmr/bx/it --> OT1/cmss/m/it on input line 26.
LaTeX Font Info:    Redeclaring math alphabet \mathtt on input line 26.
LaTeX Font Info:    Overwriting math alphabet `\mathtt' in version `normal'
(Font)                  OT1/cmtt/m/n --> OT1/cmtt/m/n on input line 26.
LaTeX Font Info:    Overwriting math alphabet `\mathtt' in version `bold'
(Font)                  OT1/cmtt/m/n --> OT1/cmtt/m/n on input line 26.
LaTeX Font Info:    Overwriting symbol font `numbers' in version `bold'
(Font)                  OT1/cmss/m/n --> OT1/cmss/b/n on input line 26.
LaTeX Font Info:    Overwriting symbol font `pureletters' in version `bold'
(Font)                  OT1/cmss/m/it --> OT1/cmss/b/it on input line 26.
LaTeX Font Info:    Overwriting math alphabet `\mathrm' in version `bold'
(Font)                  OT1/cmss/b/n --> OT1/cmr/b/n on input line 26.
LaTeX Font Info:    Overwriting math alphabet `\mathbf' in version `bold'
(Font)                  OT1/cmss/b/n --> OT1/cmss/b/n on input line 26.
LaTeX Font Info:    Overwriting math alphabet `\mathsf' in version `bold'
(Font)                  OT1/cmss/m/n --> OT1/cmss/b/n on input line 26.
LaTeX Font Info:    Overwriting math alphabet `\mathit' in version `bold'
(Font)                  OT1/cmss/m/it --> OT1/cmss/b/it on input line 26.
LaTeX Font Info:    Overwriting math alphabet `\mathtt' in version `bold'
(Font)                  OT1/cmtt/m/n --> OT1/cmtt/b/n on input line 26.
LaTeX Font Info:    Redeclaring symbol font `pureletters' on input line 26.
LaTeX Font Info:    Overwriting symbol font `pureletters' in version `normal'
(Font)                  OT1/cmss/m/it --> OT1/mathkerncmss/m/sl on input line 2
6.
LaTeX Font Info:    Overwriting symbol font `pureletters' in version `bold'
(Font)                  OT1/cmss/b/it --> OT1/mathkerncmss/m/sl on input line 2
6.
LaTeX Font Info:    Overwriting symbol font `pureletters' in version `bold'
(Font)                  OT1/mathkerncmss/m/sl --> OT1/mathkerncmss/bx/sl on inp
ut line 26.

(/usr/share/texlive/texmf-dist/tex/latex/translator/translator-basic-dictionary
-English.dict
Dictionary: translator-basic-dictionary, Language: English 
)
(/usr/share/texlive/texmf-dist/tex/latex/translator/translator-bibliography-dic
tionary-English.dict
Dictionary: translator-bibliography-dictionary, Language: English 
)
(/usr/share/texlive/texmf-dist/tex/latex/translator/translator-environment-dict
ionary-English.dict
Dictionary: translator-environment-dictionary, Language: English 
)
(/usr/share/texlive/texmf-dist/tex/latex/translator/translator-months-dictionar
y-English.dict
Dictionary: translator-months-dictionary, Language: English 
)
(/usr/share/texlive/texmf-dist/tex/latex/translator/translator-numbers-dictiona
ry-English.dict
Dictionary: translator-numbers-dictionary, Language: English 
)
(/usr/share/texlive/texmf-dist/tex/latex/translator/translator-theorem-dictiona
ry-English.dict
Dictionary: translator-theorem-dictionary, Language: English 
) (./presentation.nav) (./slides/title.tex

pdfTeX warning: /usr/bin/pdflatex (file ../figures/UHB_Logo_4c.pdf): PDF inclus
ion: found PDF version <1.6>, but at most version <1.5> allowed
<../figures/UHB_Logo_4c.pdf, id=30, 554.82881pt x 199.1691pt>
File: ../figures/UHB_Logo_4c.pdf Graphic file (type pdf)
<use ../figures/UHB_Logo_4c.pdf>
Package pdftex.def Info: ../figures/UHB_Logo_4c.pdf  used on input line 20.
(pdftex.def)             Requested size: 45.75023pt x 16.42503pt.
<../figures/conahcyt.pdf, id=31, 578.16pt x 143.53625pt>
File: ../figures/conahcyt.pdf Graphic file (type pdf)
<use ../figures/conahcyt.pdf>
Package pdftex.def Info: ../figures/conahcyt.pdf  used on input line 20.
(pdftex.def)             Requested size: 66.15617pt x 16.42503pt.
<../figures/logo_item_ids.png, id=32, 216.81pt x 34.529pt>
File: ../figures/logo_item_ids.png Graphic file (type png)
<use ../figures/logo_item_ids.png>
Package pdftex.def Info: ../figures/logo_item_ids.png  used on input line 20.
(pdftex.def)             Requested size: 55.00296pt x 8.76004pt.
[1

{/var/lib/texmf/fonts/map/pdftex/updmap/pdftex.map} <../figures/UHB_Logo_4c.pdf
> <../figures/conahcyt.pdf> <../figures/logo_item_ids.png>])
(./slides/introduction.tex [2

] [3

] [4

] [5

] [6

] [7

] [8

] [9

] [10

] [11

] [12

]
[13

] [14

] [15

] (./presentation.toc) [16

]) (./slides/state-of-the-art.tex
(./presentation.toc)
<../figures/3_g.png, id=496, 1105.12875pt x 493.845pt>
File: ../figures/3_g.png Graphic file (type png)
<use ../figures/3_g.png>
Package pdftex.def Info: ../figures/3_g.png  used on input line 10.
(pdftex.def)             Requested size: 342.2953pt x 152.95473pt.
 [17

] [18 <../figures/3_g.png>]
<../figures/1_g.png, id=553, 1375.1375pt x 413.545pt>
File: ../figures/1_g.png Graphic file (type png)
<use ../figures/1_g.png>
Package pdftex.def Info: ../figures/1_g.png  used on input line 18.
(pdftex.def)             Requested size: 342.2953pt x 102.93796pt.
 [19

 <../figures/1_g.png>]
<../figures/2_g.png, id=584, 1415.2875pt x 478.78876pt>
File: ../figures/2_g.png Graphic file (type png)
<use ../figures/2_g.png>
Package pdftex.def Info: ../figures/2_g.png  used on input line 26.
(pdftex.def)             Requested size: 342.2953pt x 115.79564pt.

[20

 <../figures/2_g.png>]
<../figures/4_g.png, id=612, 1448.41125pt x 517.935pt>
File: ../figures/4_g.png Graphic file (type png)
<use ../figures/4_g.png>
Package pdftex.def Info: ../figures/4_g.png  used on input line 34.
(pdftex.def)             Requested size: 342.2953pt x 122.3944pt.
 [21

 <../figures/4_g.png>])
(./slides/sbs_accelerator.tex (./presentation.toc)

pdfTeX warning: /usr/bin/pdflatex (file ../chapters/sbs_accelerator/figures/sbs
_network.pdf): PDF inclusion: found PDF version <1.7>, but at most version <1.5
> allowed
<../chapters/sbs_accelerator/figures/sbs_network.pdf, id=642, 567.38115pt x 334
.89616pt>
File: ../chapters/sbs_accelerator/figures/sbs_network.pdf Graphic file (type pd
f)
<use ../chapters/sbs_accelerator/figures/sbs_network.pdf>
Package pdftex.def Info: ../chapters/sbs_accelerator/figures/sbs_network.pdf  u
sed on input line 23.
(pdftex.def)             Requested size: 171.14764pt x 101.0164pt.
LaTeX Font Info:    Trying to load font information for U+msa on input line 23.

(/usr/share/texlive/texmf-dist/tex/latex/amsfonts/umsa.fd
File: umsa.fd 2013/01/14 v3.01 AMS symbols A
)
LaTeX Font Info:    Trying to load font information for U+msb on input line 23.


(/usr/share/texlive/texmf-dist/tex/latex/amsfonts/umsb.fd
File: umsb.fd 2013/01/14 v3.01 AMS symbols B
)
LaTeX Font Info:    Trying to load font information for OT1+mathkerncmss on inp
ut line 23.

(/usr/share/texlive/texmf-dist/tex/latex/sansmathaccent/ot1mathkerncmss.fd
File: ot1mathkerncmss.fd 2020/01/31 Fontinst v1.933 font definitions for OT1/ma
thkerncmss.
)

pdfTeX warning: /usr/bin/pdflatex (file ../chapters/sbs_accelerator/figures/sbs
_robustnes.pdf): PDF inclusion: found PDF version <1.7>, but at most version <1
.5> allowed
<../chapters/sbs_accelerator/figures/sbs_robustnes.pdf, id=643, 549.76204pt x 2
96.34586pt>
File: ../chapters/sbs_accelerator/figures/sbs_robustnes.pdf Graphic file (type 
pdf)
<use ../chapters/sbs_accelerator/figures/sbs_robustnes.pdf>
Package pdftex.def Info: ../chapters/sbs_accelerator/figures/sbs_robustnes.pdf 
 used on input line 23.
(pdftex.def)             Requested size: 171.14764pt x 92.25514pt.
[22

] [23 <../chapters/sbs_accelerator/figures/sbs_network.pdf> <../chapters/sbs_ac
celerator/figures/sbs_robustnes.pdf>]
File: ../chapters/sbs_accelerator/figures/sbs_network.pdf Graphic file (type pd
f)
<use ../chapters/sbs_accelerator/figures/sbs_network.pdf>
Package pdftex.def Info: ../chapters/sbs_accelerator/figures/sbs_network.pdf  u
sed on input line 23.
(pdftex.def)             Requested size: 171.14764pt x 101.0164pt.
File: ../chapters/sbs_accelerator/figures/sbs_robustnes.pdf Graphic file (type 
pdf)
<use ../chapters/sbs_accelerator/figures/sbs_robustnes.pdf>
Package pdftex.def Info: ../chapters/sbs_accelerator/figures/sbs_robustnes.pdf 
 used on input line 23.
(pdftex.def)             Requested size: 171.14764pt x 92.25514pt.
 [24

]

pdfTeX warning: /usr/bin/pdflatex (file ../chapters/sbs_accelerator/figures/SbS
_layer.pdf): PDF inclusion: found PDF version <1.7>, but at most version <1.5> 
allowed
<../chapters/sbs_accelerator/figures/SbS_layer.pdf, id=772, 271.0125pt x 133.49
875pt>
File: ../chapters/sbs_accelerator/figures/SbS_layer.pdf Graphic file (type pdf)

<use ../chapters/sbs_accelerator/figures/SbS_layer.pdf>
Package pdftex.def Info: ../chapters/sbs_accelerator/figures/SbS_layer.pdf  use
d on input line 40.
(pdftex.def)             Requested size: 171.14764pt x 84.30833pt.
[25

 <../chapters/sbs_accelerator/figures/SbS_layer.pdf>]

pdfTeX warning: /usr/bin/pdflatex (file ../chapters/sbs_accelerator/figures/sbs
_software_component.pdf): PDF inclusion: found PDF version <1.7>, but at most v
ersion <1.5> allowed
<../chapters/sbs_accelerator/figures/sbs_software_component.pdf, id=1317, 431.6
125pt x 277.035pt>
File: ../chapters/sbs_accelerator/figures/sbs_software_component.pdf Graphic fi
le (type pdf)
<use ../chapters/sbs_accelerator/figures/sbs_software_component.pdf>
Package pdftex.def Info: ../chapters/sbs_accelerator/figures/sbs_software_compo
nent.pdf  used on input line 62.
(pdftex.def)             Requested size: 136.91862pt x 87.87943pt.


pdfTeX warning: /usr/bin/pdflatex (file ../chapters/sbs_accelerator/figures/sbs
_hw.pdf): PDF inclusion: found PDF version <1.7>, but at most version <1.5> all
owed
<../chapters/sbs_accelerator/figures/sbs_hw.pdf, id=1318, 228.855pt x 139.52126
pt>
File: ../chapters/sbs_accelerator/figures/sbs_hw.pdf Graphic file (type pdf)
<use ../chapters/sbs_accelerator/figures/sbs_hw.pdf>
Package pdftex.def Info: ../chapters/sbs_accelerator/figures/sbs_hw.pdf  used o
n input line 62.
(pdftex.def)             Requested size: 136.91862pt x 83.47495pt.
[26

 <../chapters/sbs_accelerator/figures/sbs_software_component.pdf> <../chapters/
sbs_accelerator/figures/sbs_hw.pdf>]

pdfTeX warning: /usr/bin/pdflatex (file ../chapters/sbs_accelerator/figures/sbs
_conv.pdf): PDF inclusion: found PDF version <1.7>, but at most version <1.5> a
llowed
<../chapters/sbs_accelerator/figures/sbs_conv.pdf, id=1377, 296.10625pt x 344.2
8625pt>
File: ../chapters/sbs_accelerator/figures/sbs_conv.pdf Graphic file (type pdf)
<use ../chapters/sbs_accelerator/figures/sbs_conv.pdf>
Package pdftex.def Info: ../chapters/sbs_accelerator/figures/sbs_conv.pdf  used
 on input line 84.
(pdftex.def)             Requested size: 119.80283pt x 139.29332pt.
<../chapters/sbs_accelerator/figures/dot-product_unit.pdf, id=1378, 252.91655pt
 x 252.91655pt>
File: ../chapters/sbs_accelerator/figures/dot-product_unit.pdf Graphic file (ty
pe pdf)
<use ../chapters/sbs_accelerator/figures/dot-product_unit.pdf>
Package pdftex.def Info: ../chapters/sbs_accelerator/figures/dot-product_unit.p
df  used on input line 84.
(pdftex.def)             Requested size: 154.03183pt x 154.03574pt.
[27

 <../chapters/sbs_accelerator/figures/sbs_conv.pdf> <../chapters/sbs_accelerato
r/figures/dot-product_unit.pdf>]
File: ../chapters/sbs_accelerator/figures/sbs_conv.pdf Graphic file (type pdf)
<use ../chapters/sbs_accelerator/figures/sbs_conv.pdf>
Package pdftex.def Info: ../chapters/sbs_accelerator/figures/sbs_conv.pdf  used
 on input line 84.
(pdftex.def)             Requested size: 119.80283pt x 139.29332pt.
File: ../chapters/sbs_accelerator/figures/dot-product_unit.pdf Graphic file (ty
pe pdf)
<use ../chapters/sbs_accelerator/figures/dot-product_unit.pdf>
Package pdftex.def Info: ../chapters/sbs_accelerator/figures/dot-product_unit.p
df  used on input line 84.
(pdftex.def)             Requested size: 154.03183pt x 154.03574pt.
 [28

]
File: ../chapters/sbs_accelerator/figures/dot-product_unit.pdf Graphic file (ty
pe pdf)
<use ../chapters/sbs_accelerator/figures/dot-product_unit.pdf>
Package pdftex.def Info: ../chapters/sbs_accelerator/figures/dot-product_unit.p
df  used on input line 118.
(pdftex.def)             Requested size: 154.03183pt x 154.03574pt.
 [29

]

pdfTeX warning: /usr/bin/pdflatex (file ../chapters/sbs_accelerator/figures/dot
_product_float.pdf): PDF inclusion: found PDF version <1.7>, but at most versio
n <1.5> allowed
<../chapters/sbs_accelerator/figures/dot_product_float.pdf, id=1504, 460.72125p
t x 491.8375pt>
File: ../chapters/sbs_accelerator/figures/dot_product_float.pdf Graphic file (t
ype pdf)
<use ../chapters/sbs_accelerator/figures/dot_product_float.pdf>
Package pdftex.def Info: ../chapters/sbs_accelerator/figures/dot_product_float.
pdf  used on input line 134.
(pdftex.def)             Requested size: 136.91603pt x 146.15648pt.
[30

 <../chapters/sbs_accelerator/figures/dot_product_float.pdf>]

pdfTeX warning: /usr/bin/pdflatex (file ../chapters/sbs_accelerator/figures/dot
_product.pdf): PDF inclusion: found PDF version <1.7>, but at most version <1.5
> allowed
<../chapters/sbs_accelerator/figures/dot_product.pdf, id=1541, 446.66875pt x 47
5.7775pt>
File: ../chapters/sbs_accelerator/figures/dot_product.pdf Graphic file (type pd
f)
<use ../chapters/sbs_accelerator/figures/dot_product.pdf>
Package pdftex.def Info: ../chapters/sbs_accelerator/figures/dot_product.pdf  u
sed on input line 150.
(pdftex.def)             Requested size: 136.91603pt x 145.84152pt.

Overfull \vbox (2.33748pt too high) detected at line 150
 []

[31

 <../chapters/sbs_accelerator/figures/dot_product.pdf>]

pdfTeX warning: /usr/bin/pdflatex (file ../chapters/sbs_accelerator/figures/dot
_product_log.pdf): PDF inclusion: found PDF version <1.7>, but at most version 
<1.5> allowed
<../chapters/sbs_accelerator/figures/dot_product_log.pdf, id=1598, 445.665pt x 
383.4325pt>
File: ../chapters/sbs_accelerator/figures/dot_product_log.pdf Graphic file (typ
e pdf)
<use ../chapters/sbs_accelerator/figures/dot_product_log.pdf>
Package pdftex.def Info: ../chapters/sbs_accelerator/figures/dot_product_log.pd
f  used on input line 166.
(pdftex.def)             Requested size: 136.91603pt x 117.79802pt.
[32

 <../chapters/sbs_accelerator/figures/dot_product_log.pdf>]

pdfTeX warning: /usr/bin/pdflatex (file ../chapters/sbs_accelerator/figures/sbs
_hw_experimental.pdf): PDF inclusion: found PDF version <1.7>, but at most vers
ion <1.5> allowed
<../chapters/sbs_accelerator/figures/sbs_hw_experimental.pdf, id=1648, 180.675p
t x 117.43875pt>
File: ../chapters/sbs_accelerator/figures/sbs_hw_experimental.pdf Graphic file 
(type pdf)
<use ../chapters/sbs_accelerator/figures/sbs_hw_experimental.pdf>
Package pdftex.def Info: ../chapters/sbs_accelerator/figures/sbs_hw_experimenta
l.pdf  used on input line 215.
(pdftex.def)             Requested size: 128.36073pt x 83.43405pt.
<../chapters/sbs_accelerator/figures/latency_sw.pdf, id=1649, 252.91655pt x 93.
92255pt>
File: ../chapters/sbs_accelerator/figures/latency_sw.pdf Graphic file (type pdf
)
<use ../chapters/sbs_accelerator/figures/latency_sw.pdf>
Package pdftex.def Info: ../chapters/sbs_accelerator/figures/latency_sw.pdf  us
ed on input line 215.
(pdftex.def)             Requested size: 128.36073pt x 47.66911pt.
<../chapters/sbs_accelerator/figures/latency_pu_fp.pdf, id=1650, 252.91655pt x 
115.60355pt>
File: ../chapters/sbs_accelerator/figures/latency_pu_fp.pdf Graphic file (type 
pdf)
<use ../chapters/sbs_accelerator/figures/latency_pu_fp.pdf>
Package pdftex.def Info: ../chapters/sbs_accelerator/figures/latency_pu_fp.pdf 
 used on input line 215.
(pdftex.def)             Requested size: 128.36073pt x 58.67302pt.
<../chapters/sbs_accelerator/figures/latency_fp_cycle.pdf, id=1651, 252.91655pt
 x 124.99297pt>
File: ../chapters/sbs_accelerator/figures/latency_fp_cycle.pdf Graphic file (ty
pe pdf)
<use ../chapters/sbs_accelerator/figures/latency_fp_cycle.pdf>
Package pdftex.def Info: ../chapters/sbs_accelerator/figures/latency_fp_cycle.p
df  used on input line 215.
(pdftex.def)             Requested size: 128.36073pt x 63.43849pt.

Overfull \vbox (7.46654pt too high) detected at line 215
 []

[33

 <../chapters/sbs_accelerator/figures/sbs_hw_experimental.pdf> <../chapters/sbs
_accelerator/figures/latency_sw.pdf> <../chapters/sbs_accelerator/figures/laten
cy_pu_fp.pdf

pdfTeX warning: /usr/bin/pdflatex (file ../chapters/sbs_accelerator/figures/lat
ency_pu_fp.pdf): PDF inclusion: multiple pdfs with page group included in a sin
gle page
> <../chapters/sbs_accelerator/figures/latency_fp_cycle.pdf

pdfTeX warning: /usr/bin/pdflatex (file ../chapters/sbs_accelerator/figures/lat
ency_fp_cycle.pdf): PDF inclusion: multiple pdfs with page group included in a 
single page
>]
File: ../chapters/sbs_accelerator/figures/sbs_hw_experimental.pdf Graphic file 
(type pdf)
<use ../chapters/sbs_accelerator/figures/sbs_hw_experimental.pdf>
Package pdftex.def Info: ../chapters/sbs_accelerator/figures/sbs_hw_experimenta
l.pdf  used on input line 215.
(pdftex.def)             Requested size: 128.36073pt x 83.43405pt.
File: ../chapters/sbs_accelerator/figures/latency_sw.pdf Graphic file (type pdf
)
<use ../chapters/sbs_accelerator/figures/latency_sw.pdf>
Package pdftex.def Info: ../chapters/sbs_accelerator/figures/latency_sw.pdf  us
ed on input line 215.
(pdftex.def)             Requested size: 128.36073pt x 47.66911pt.
File: ../chapters/sbs_accelerator/figures/latency_pu_fp.pdf Graphic file (type 
pdf)
<use ../chapters/sbs_accelerator/figures/latency_pu_fp.pdf>
Package pdftex.def Info: ../chapters/sbs_accelerator/figures/latency_pu_fp.pdf 
 used on input line 215.
(pdftex.def)             Requested size: 128.36073pt x 58.67302pt.
File: ../chapters/sbs_accelerator/figures/latency_fp_cycle.pdf Graphic file (ty
pe pdf)
<use ../chapters/sbs_accelerator/figures/latency_fp_cycle.pdf>
Package pdftex.def Info: ../chapters/sbs_accelerator/figures/latency_fp_cycle.p
df  used on input line 215.
(pdftex.def)             Requested size: 128.36073pt x 63.43849pt.

Overfull \vbox (7.46654pt too high) detected at line 215
 []

[34

]
File: ../chapters/sbs_accelerator/figures/sbs_hw_experimental.pdf Graphic file 
(type pdf)
<use ../chapters/sbs_accelerator/figures/sbs_hw_experimental.pdf>
Package pdftex.def Info: ../chapters/sbs_accelerator/figures/sbs_hw_experimenta
l.pdf  used on input line 215.
(pdftex.def)             Requested size: 128.36073pt x 83.43405pt.
File: ../chapters/sbs_accelerator/figures/latency_sw.pdf Graphic file (type pdf
)
<use ../chapters/sbs_accelerator/figures/latency_sw.pdf>
Package pdftex.def Info: ../chapters/sbs_accelerator/figures/latency_sw.pdf  us
ed on input line 215.
(pdftex.def)             Requested size: 128.36073pt x 47.66911pt.
File: ../chapters/sbs_accelerator/figures/latency_pu_fp.pdf Graphic file (type 
pdf)
<use ../chapters/sbs_accelerator/figures/latency_pu_fp.pdf>
Package pdftex.def Info: ../chapters/sbs_accelerator/figures/latency_pu_fp.pdf 
 used on input line 215.
(pdftex.def)             Requested size: 128.36073pt x 58.67302pt.
File: ../chapters/sbs_accelerator/figures/latency_fp_cycle.pdf Graphic file (ty
pe pdf)
<use ../chapters/sbs_accelerator/figures/latency_fp_cycle.pdf>
Package pdftex.def Info: ../chapters/sbs_accelerator/figures/latency_fp_cycle.p
df  used on input line 215.
(pdftex.def)             Requested size: 128.36073pt x 63.43849pt.

Overfull \vbox (7.46654pt too high) detected at line 215
 []

[35

]
File: ../chapters/sbs_accelerator/figures/sbs_hw_experimental.pdf Graphic file 
(type pdf)
<use ../chapters/sbs_accelerator/figures/sbs_hw_experimental.pdf>
Package pdftex.def Info: ../chapters/sbs_accelerator/figures/sbs_hw_experimenta
l.pdf  used on input line 215.
(pdftex.def)             Requested size: 128.36073pt x 83.43405pt.
File: ../chapters/sbs_accelerator/figures/latency_sw.pdf Graphic file (type pdf
)
<use ../chapters/sbs_accelerator/figures/latency_sw.pdf>
Package pdftex.def Info: ../chapters/sbs_accelerator/figures/latency_sw.pdf  us
ed on input line 215.
(pdftex.def)             Requested size: 128.36073pt x 47.66911pt.
File: ../chapters/sbs_accelerator/figures/latency_pu_fp.pdf Graphic file (type 
pdf)
<use ../chapters/sbs_accelerator/figures/latency_pu_fp.pdf>
Package pdftex.def Info: ../chapters/sbs_accelerator/figures/latency_pu_fp.pdf 
 used on input line 215.
(pdftex.def)             Requested size: 128.36073pt x 58.67302pt.
File: ../chapters/sbs_accelerator/figures/latency_fp_cycle.pdf Graphic file (ty
pe pdf)
<use ../chapters/sbs_accelerator/figures/latency_fp_cycle.pdf>
Package pdftex.def Info: ../chapters/sbs_accelerator/figures/latency_fp_cycle.p
df  used on input line 215.
(pdftex.def)             Requested size: 128.36073pt x 63.43849pt.

Overfull \vbox (7.46654pt too high) detected at line 215
 []

[36

]
<../chapters/sbs_accelerator/figures/latency_cfp_cycle.pdf, id=1899, 252.91655p
t x 252.91655pt>
File: ../chapters/sbs_accelerator/figures/latency_cfp_cycle.pdf Graphic file (t
ype pdf)
<use ../chapters/sbs_accelerator/figures/latency_cfp_cycle.pdf>
Package pdftex.def Info: ../chapters/sbs_accelerator/figures/latency_cfp_cycle.
pdf  used on input line 238.
(pdftex.def)             Requested size: 128.36073pt x 128.3644pt.
<../chapters/sbs_accelerator/figures/latency_log_cycle.pdf, id=1900, 252.91655p
t x 252.91655pt>
File: ../chapters/sbs_accelerator/figures/latency_log_cycle.pdf Graphic file (t
ype pdf)
<use ../chapters/sbs_accelerator/figures/latency_log_cycle.pdf>
Package pdftex.def Info: ../chapters/sbs_accelerator/figures/latency_log_cycle.
pdf  used on input line 238.
(pdftex.def)             Requested size: 128.36073pt x 128.3644pt.
 [37

 <../chapters/sbs_accelerator/figures/latency_cfp_cycle.pdf> <../chapters/sbs_a
ccelerator/figures/latency_log_cycle.pdf

pdfTeX warning: /usr/bin/pdflatex (file ../chapters/sbs_accelerator/figures/lat
ency_log_cycle.pdf): PDF inclusion: multiple pdfs with page group included in a
 single page
>]
File: ../chapters/sbs_accelerator/figures/latency_cfp_cycle.pdf Graphic file (t
ype pdf)
<use ../chapters/sbs_accelerator/figures/latency_cfp_cycle.pdf>
Package pdftex.def Info: ../chapters/sbs_accelerator/figures/latency_cfp_cycle.
pdf  used on input line 238.
(pdftex.def)             Requested size: 128.36073pt x 128.3644pt.
File: ../chapters/sbs_accelerator/figures/latency_log_cycle.pdf Graphic file (t
ype pdf)
<use ../chapters/sbs_accelerator/figures/latency_log_cycle.pdf>
Package pdftex.def Info: ../chapters/sbs_accelerator/figures/latency_log_cycle.
pdf  used on input line 238.
(pdftex.def)             Requested size: 128.36073pt x 128.3644pt.
 [38

]
<../chapters/sbs_accelerator/figures/accuracy_vs_noise_pu_fp.pdf, id=1992, 252.
91655pt x 433.59154pt>
File: ../chapters/sbs_accelerator/figures/accuracy_vs_noise_pu_fp.pdf Graphic f
ile (type pdf)
<use ../chapters/sbs_accelerator/figures/accuracy_vs_noise_pu_fp.pdf>
Package pdftex.def Info: ../chapters/sbs_accelerator/figures/accuracy_vs_noise_
pu_fp.pdf  used on input line 271.
(pdftex.def)             Requested size: 84.71855pt x 145.23587pt.
<../chapters/sbs_accelerator/figures/accuracy_vs_noise_pu_cfp(4-bit-exponent_1-
bit-mantissa).pdf, id=1993, 252.91655pt x 433.59154pt>
File: ../chapters/sbs_accelerator/figures/accuracy_vs_noise_pu_cfp(4-bit-expone
nt_1-bit-mantissa).pdf Graphic file (type pdf)
<use ../chapters/sbs_accelerator/figures/accuracy_vs_noise_pu_cfp(4-bit-exponen
t_1-bit-mantissa).pdf>
Package pdftex.def Info: ../chapters/sbs_accelerator/figures/accuracy_vs_noise_
pu_cfp(4-bit-exponent_1-bit-mantissa).pdf  used on input line 271.
(pdftex.def)             Requested size: 84.71855pt x 145.23587pt.
<../chapters/sbs_accelerator/figures/accuracy_vs_noise_pu_log.pdf, id=1994, 252
.91655pt x 433.59154pt>
File: ../chapters/sbs_accelerator/figures/accuracy_vs_noise_pu_log.pdf Graphic 
file (type pdf)
<use ../chapters/sbs_accelerator/figures/accuracy_vs_noise_pu_log.pdf>
Package pdftex.def Info: ../chapters/sbs_accelerator/figures/accuracy_vs_noise_
pu_log.pdf  used on input line 271.
(pdftex.def)             Requested size: 84.71855pt x 145.23587pt.
 [39

 <../chapters/sbs_accelerator/figures/accuracy_vs_noise_pu_fp.pdf> <../chapters
/sbs_accelerator/figures/accuracy_vs_noise_pu_cfp(4-bit-exponent_1-bit-mantissa
).pdf

pdfTeX warning: /usr/bin/pdflatex (file ../chapters/sbs_accelerator/figures/acc
uracy_vs_noise_pu_cfp(4-bit-exponent_1-bit-mantissa).pdf): PDF inclusion: multi
ple pdfs with page group included in a single page
> <../chapters/sbs_accelerator/figures/accuracy_vs_noise_pu_log.pdf

pdfTeX warning: /usr/bin/pdflatex (file ../chapters/sbs_accelerator/figures/acc
uracy_vs_noise_pu_log.pdf): PDF inclusion: multiple pdfs with page group includ
ed in a single page
>]
File: ../chapters/sbs_accelerator/figures/accuracy_vs_noise_pu_fp.pdf Graphic f
ile (type pdf)
<use ../chapters/sbs_accelerator/figures/accuracy_vs_noise_pu_fp.pdf>
Package pdftex.def Info: ../chapters/sbs_accelerator/figures/accuracy_vs_noise_
pu_fp.pdf  used on input line 271.
(pdftex.def)             Requested size: 84.71855pt x 145.23587pt.
File: ../chapters/sbs_accelerator/figures/accuracy_vs_noise_pu_cfp(4-bit-expone
nt_1-bit-mantissa).pdf Graphic file (type pdf)
<use ../chapters/sbs_accelerator/figures/accuracy_vs_noise_pu_cfp(4-bit-exponen
t_1-bit-mantissa).pdf>
Package pdftex.def Info: ../chapters/sbs_accelerator/figures/accuracy_vs_noise_
pu_cfp(4-bit-exponent_1-bit-mantissa).pdf  used on input line 271.
(pdftex.def)             Requested size: 84.71855pt x 145.23587pt.
File: ../chapters/sbs_accelerator/figures/accuracy_vs_noise_pu_log.pdf Graphic 
file (type pdf)
<use ../chapters/sbs_accelerator/figures/accuracy_vs_noise_pu_log.pdf>
Package pdftex.def Info: ../chapters/sbs_accelerator/figures/accuracy_vs_noise_
pu_log.pdf  used on input line 271.
(pdftex.def)             Requested size: 84.71855pt x 145.23587pt.
 [40

]
File: ../chapters/sbs_accelerator/figures/accuracy_vs_noise_pu_fp.pdf Graphic f
ile (type pdf)
<use ../chapters/sbs_accelerator/figures/accuracy_vs_noise_pu_fp.pdf>
Package pdftex.def Info: ../chapters/sbs_accelerator/figures/accuracy_vs_noise_
pu_fp.pdf  used on input line 271.
(pdftex.def)             Requested size: 84.71855pt x 145.23587pt.
File: ../chapters/sbs_accelerator/figures/accuracy_vs_noise_pu_cfp(4-bit-expone
nt_1-bit-mantissa).pdf Graphic file (type pdf)
<use ../chapters/sbs_accelerator/figures/accuracy_vs_noise_pu_cfp(4-bit-exponen
t_1-bit-mantissa).pdf>
Package pdftex.def Info: ../chapters/sbs_accelerator/figures/accuracy_vs_noise_
pu_cfp(4-bit-exponent_1-bit-mantissa).pdf  used on input line 271.
(pdftex.def)             Requested size: 84.71855pt x 145.23587pt.
File: ../chapters/sbs_accelerator/figures/accuracy_vs_noise_pu_log.pdf Graphic 
file (type pdf)
<use ../chapters/sbs_accelerator/figures/accuracy_vs_noise_pu_log.pdf>
Package pdftex.def Info: ../chapters/sbs_accelerator/figures/accuracy_vs_noise_
pu_log.pdf  used on input line 271.
(pdftex.def)             Requested size: 84.71855pt x 145.23587pt.
 [41

] [42

])
\tf@nav=\write6
\openout6 = `presentation.nav'.

\tf@toc=\write7
\openout7 = `presentation.toc'.

\tf@snm=\write8
\openout8 = `presentation.snm'.

Package atveryend Info: Empty hook `BeforeClearDocument' on input line 36.
Package atveryend Info: Empty hook `AfterLastShipout' on input line 36.
 (./presentation.aux)
Package atveryend Info: Executing hook `AtVeryEndDocument' on input line 36.
Package atveryend Info: Executing hook `AtEndAfterFileList' on input line 36.
Package rerunfilecheck Info: File `presentation.out' has not changed.
(rerunfilecheck)             Checksum: 4268D97B2AF040E6385D868F7DFA172D;248.
 ) 
Here is how much of TeX's memory you used:
 25314 strings out of 481239
 488277 string characters out of 5920377
 774676 words of memory out of 5000000
 39859 multiletter control sequences out of 15000+600000
 541027 words of font info for 55 fonts, out of 8000000 for 9000
 1141 hyphenation exceptions out of 8191
 58i,16n,72p,992b,768s stack positions out of 5000i,500n,10000p,200000b,80000s
</usr/share/texlive/texmf-dist/fonts/type1/public/amsfonts/cmextra/cmex8.pfb>
</usr/share/texlive/texmf-dist/fonts/type1/public/amsfonts/cm/cmmi6.pfb></usr/s
hare/texlive/texmf-dist/fonts/type1/public/amsfonts/cm/cmmi8.pfb></usr/share/te
xlive/texmf-dist/fonts/type1/public/amsfonts/cm/cmss10.pfb></usr/share/texlive/
texmf-dist/fonts/type1/public/amsfonts/cm/cmss12.pfb></usr/share/texlive/texmf-
dist/fonts/type1/public/amsfonts/cm/cmss8.pfb></usr/share/texlive/texmf-dist/fo
nts/type1/public/amsfonts/cm/cmssbx10.pfb></usr/share/texlive/texmf-dist/fonts/
type1/public/amsfonts/cm/cmssi8.pfb></usr/share/texlive/texmf-dist/fonts/type1/
public/amsfonts/cm/cmsy6.pfb></usr/share/texlive/texmf-dist/fonts/type1/public/
amsfonts/cm/cmsy8.pfb>
Output written on presentation.pdf (42 pages, 3028062 bytes).
PDF statistics:
 2218 PDF objects out of 2487 (max. 8388607)
 1977 compressed objects within 20 object streams
 89 named destinations out of 1000 (max. 500000)
 229 words of extra memory for PDF output out of 10000 (max. 10000000)

